<?xml version="1.0" encoding="utf-8"?><testsuites name="pytest tests"><testsuite name="pytest" errors="2" failures="0" skipped="0" tests="2" time="0.324" timestamp="2026-08-16T21:45:32.544054+00:00" hostname="agent-env-576aacea-1e29-46ce-8c94-d24d31f3f17e"><testcase classname="" name="tests.test_new_features" time="0.000"><error message="collection failure">backend/tests/test_new_features.py:12: in &lt;module&gt;
    BASE_URL = (os.environ.get("EXPO_PUBLIC_BACKEND_URL") or os.environ.get("EXPO_BACKEND_URL")).rstrip("/")
               ^^^^^^^^^^^^^^^^^^^^^^^^^^^^^^^^^^^^^^^^^^^^^^^^^^^^^^^^^^^^^^^^^^^^^^^^^^^^^^^^^^^^^^^^
E   AttributeError: 'NoneType' object has no attribute 'rstrip'</error><error message="collection failure">backend/tests/test_new_features.py:12: in &lt;module&gt;
    BASE_URL = (os.environ.get("EXPO_PUBLIC_BACKEND_URL") or os.environ.get("EXPO_BACKEND_URL")).rstrip("/")
               ^^^^^^^^^^^^^^^^^^^^^^^^^^^^^^^^^^^^^^^^^^^^^^^^^^^^^^^^^^^^^^^^^^^^^^^^^^^^^^^^^^^^^^^^
E   AttributeError: 'NoneType' object has no attribute 'rstrip'</error></testcase></testsuite></testsuites>