<?xml version="1.0" encoding="utf-8"?><testsuites name="pytest tests"><testsuite name="pytest" errors="0" failures="0" skipped="0" tests="21" time="12.981" timestamp="2026-08-16T21:14:37.239346+00:00" hostname="agent-env-576aacea-1e29-46ce-8c94-d24d31f3f17e"><testcase classname="tests.test_sunshine_api.TestAuth" name="test_elder_login_wrong_pin" time="0.525" /><testcase classname="tests.test_sunshine_api.TestRBAC" name="test_child_cannot_im_okay" time="0.486" /><testcase classname="tests.test_sunshine_api.TestRBAC" name="test_elder_cannot_analytics" time="0.148" /><testcase classname="tests.test_sunshine_api.TestAuth" name="test_child_invalid_family_code" time="0.245" /><testcase classname="tests.test_sunshine_api.TestRBAC" name="test_elder_cannot_update_task_status" time="1.277" /><testcase classname="tests.test_sunshine_api.TestAuth" name="test_me_elder" time="0.029" /><testcase classname="tests.test_sunshine_api.TestAuth" name="test_me_child_has_elder_name" time="0.072" /><testcase classname="tests.test_sunshine_api.TestHealth" name="test_overview_elder" time="0.035" /><testcase classname="tests.test_sunshine_api.TestHealth" name="test_add_medicine" time="0.102" /><testcase classname="tests.test_sunshine_api.TestHealth" name="test_take_medicine_toggle_and_low_stock_reorder" time="0.220" /><testcase classname="tests.test_sunshine_api.TestNews" name="test_page0" time="0.032" /><testcase classname="tests.test_sunshine_api.TestNews" name="test_page1" time="0.030" /><testcase classname="tests.test_sunshine_api.TestSOSActivity" name="test_sos" time="0.078" /><testcase classname="tests.test_sunshine_api.TestSOSActivity" name="test_activity_elder" time="0.032" /><testcase classname="tests.test_sunshine_api.TestOCR" name="test_ocr_blank_image_no_500" time="3.969" /><testcase classname="tests.test_sunshine_api.TestContent" name="test_all" time="0.033" /><testcase classname="tests.test_sunshine_api.TestContent" name="test_bhajans" time="0.050" /><testcase classname="tests.test_sunshine_api.TestContent" name="test_spiritual" time="0.068" /><testcase classname="tests.test_sunshine_api.TestAssistant" name="test_chat_with_context" time="10.563" /><testcase classname="tests.test_sunshine_api.TestConcierge" name="test_full_flow" time="1.156" /><testcase classname="tests.test_sunshine_api.TestAnalytics" name="test_child_analytics" time="0.076" /></testsuite></testsuites>